\BOOKMARK [0][-]{spisTresci.1.0}{\376\377\000S\000p\000i\000s\000\040\000t\000r\000e\001\133\000c\000i}{}% 1
\BOOKMARK [0][-]{chapter.1}{\376\377\000W\000s\000t\001\031\000p}{}% 2
\BOOKMARK [1][-]{section.1.1}{\376\377\000C\000e\000l\000\040\000p\000r\000o\000j\000e\000k\000t\000u}{chapter.1}% 3
\BOOKMARK [1][-]{section.1.2}{\376\377\000Z\000a\001\102\000o\001\174\000e\000n\000i\000a\000\040\000p\000r\000o\000j\000e\000k\000t\000o\000w\000e}{chapter.1}% 4
\BOOKMARK [1][-]{section.1.3}{\376\377\000U\001\174\000y\000t\000e\000\040\000t\000e\000c\000h\000n\000o\000l\000o\000g\000i\000e}{chapter.1}% 5
\BOOKMARK [1][-]{section.1.4}{\376\377\000Z\000a\000s\000a\000d\000a\000\040\000d\000z\000i\000a\001\102\000a\000n\000i\000a\000\040\000c\000h\000a\000t\000b\000o\000t\000a}{chapter.1}% 6
\BOOKMARK [0][-]{chapter.2}{\376\377\000I\000m\000p\000l\000e\000m\000e\000n\000t\000a\000c\000j\000a}{}% 7
\BOOKMARK [1][-]{section.2.1}{\376\377\000K\000o\000n\000f\000i\000g\000u\000r\000a\000c\000j\000a\000\040\001\133\000r\000o\000d\000o\000w\000i\000s\000k\000a}{chapter.2}% 8
\BOOKMARK [1][-]{section.2.2}{\376\377\000K\000o\000n\000f\000i\000g\000u\000r\000a\000c\000j\000a\000\040\000b\000i\000b\000l\000i\000o\000t\000e\000k\000i\000\040\000C\000h\000a\000t\000t\000e\000r\000B\000o\000t}{chapter.2}% 9
\BOOKMARK [1][-]{section.2.3}{\376\377\000I\000m\000p\000l\000e\000m\000e\000n\000t\000a\000c\000j\000a\000\040\000c\000h\000a\000t\000b\000o\000t\000a}{chapter.2}% 10
\BOOKMARK [2][-]{subsection.2.3.1}{\376\377\000U\000c\000z\000e\000n\000i\000e}{section.2.3}% 11
\BOOKMARK [2][-]{subsection.2.3.2}{\376\377\000B\000a\000z\000a\000\040\000w\000i\000e\000d\000z\000y}{section.2.3}% 12
\BOOKMARK [2][-]{subsection.2.3.3}{\376\377\000D\000i\000a\000l\000o\000g\000\040\000b\000o\000t\000a\000\040\000z\000\040\000u\001\174\000y\000t\000k\000o\000w\000n\000i\000k\000i\000e\000m}{section.2.3}% 13
\BOOKMARK [0][-]{chapter.3}{\376\377\000T\000e\000s\000t\000o\000w\000a\000n\000i\000e}{}% 14
\BOOKMARK [1][-]{section.3.1}{\376\377\000P\000o\000d\000s\000t\000a\000w\000o\000w\000e\000\040\000t\000e\000s\000t\000y\000\040\000d\000i\000a\000l\000o\000g\000o\000w\000e}{chapter.3}% 15
\BOOKMARK [2][-]{subsection.3.1.1}{\376\377\000P\000o\000w\000i\000t\000a\000n\000i\000a}{section.3.1}% 16
\BOOKMARK [2][-]{subsection.3.1.2}{\376\377\000P\000o\001\174\000e\000g\000n\000a\000n\000i\000a}{section.3.1}% 17
\BOOKMARK [1][-]{section.3.2}{\376\377\000T\000e\000s\000t\000y\000\040\000z\000e\000s\000t\000a\000w\000\363\000w\000\040\000p\000y\000t\000a\001\104}{chapter.3}% 18
\BOOKMARK [2][-]{subsection.3.2.1}{\376\377\000P\000y\000t\000a\000n\000i\000e\000\040\000o\000\040\000f\000o\000r\000m\001\031\000\040\000d\000o\000s\000t\000a\000w\000y}{section.3.2}% 19
\BOOKMARK [2][-]{subsection.3.2.2}{\376\377\000P\000y\000t\000a\000n\000i\000e\000\040\000o\000\040\000s\000t\000a\000t\000u\000s\000\040\000p\000r\000z\000e\000s\000y\001\102\000k\000i\000.}{section.3.2}% 20
\BOOKMARK [1][-]{section.3.3}{\376\377\000Z\000w\000i\001\031\000k\000s\000z\000a\000n\000i\000e\000\040\000e\000f\000e\000k\000t\000y\000w\000n\000o\001\133\000c\000i\000\040\000b\000o\000t\000a\000\040\000p\000o\000p\000r\000z\000e\000z\000\040\000z\000w\000i\001\031\000k\000s\000z\000e\000n\000i\000e\000\040\000b\000a\000z\000y\000\040\000w\000i\000e\000d\000z\000y}{chapter.3}% 21
\BOOKMARK [0][-]{chapter.4}{\376\377\000W\000n\000i\000o\000s\000k\000i}{}% 22
\BOOKMARK [1][-]{section.4.1}{\376\377\000O\000g\000\363\000l\000n\000e\000\040\000w\000n\000i\000o\000s\000k\000i\000\040\000n\000a\000\040\000t\000e\000m\000a\000t\000\040\000d\000z\000i\000a\001\102\000a\000n\000i\000a\000\040\000c\000h\000a\000t\000b\000o\000t\000a}{chapter.4}% 23
\BOOKMARK [1][-]{section.4.2}{\376\377\000W\000p\001\102\000y\000w\000\040\000b\000a\000z\000y\000\040\000w\000i\000e\000d\000z\000y\000\040\000n\000a\000\040\000s\000k\000u\000t\000e\000c\000z\000n\000o\001\133\001\007\000\040\000d\000z\000i\000a\001\102\000a\000n\000i\000a}{chapter.4}% 24
\BOOKMARK [0][-]{section*.2}{\376\377\000L\000i\000t\000e\000r\000a\000t\000u\000r\000a}{}% 25
